ERROR 2026-02-22 10:58:13,966 log Internal Server Error: /certificado/edit/3/
Traceback (most recent call last):
  File "/home/alain/Uapa/Projects/Presupuesto/venv/lib/python3.10/site-packages/django/core/handlers/exception.py", line 55, in inner
    response = get_response(request)
  File "/home/alain/Uapa/Projects/Presupuesto/venv/lib/python3.10/site-packages/django/core/handlers/base.py", line 197, in _get_response
    response = wrapped_callback(request, *callback_args, **callback_kwargs)
  File "/home/alain/Uapa/Projects/Presupuesto/presupuesto/certificado_pdf.py", line 17, in get_certificado_template
    'monto': solicitud.monto,
AttributeError: 'SolicitudPresupuesto' object has no attribute 'monto'
ERROR 2026-02-22 10:58:13,967 basehttp "GET /certificado/edit/3/ HTTP/1.1" 500 73543
ERROR 2026-02-22 10:58:40,225 log Internal Server Error: /certificado/edit/3/
Traceback (most recent call last):
  File "/home/alain/Uapa/Projects/Presupuesto/venv/lib/python3.10/site-packages/django/core/handlers/exception.py", line 55, in inner
    response = get_response(request)
  File "/home/alain/Uapa/Projects/Presupuesto/venv/lib/python3.10/site-packages/django/core/handlers/base.py", line 197, in _get_response
    response = wrapped_callback(request, *callback_args, **callback_kwargs)
  File "/home/alain/Uapa/Projects/Presupuesto/presupuesto/certificado_pdf.py", line 18, in get_certificado_template
    'solicitante': solicitud.solicitante,
AttributeError: 'SolicitudPresupuesto' object has no attribute 'solicitante'
ERROR 2026-02-22 10:58:40,226 basehttp "GET /certificado/edit/3/ HTTP/1.1" 500 73693
ERROR 2026-02-22 12:40:56,253 logging Exception: 'SolicitudPresupuesto' object has no attribute 'solicitante'
Traceback: Traceback (most recent call last):
  File "/home/alain/Uapa/Projects/Presupuesto/presupuesto/certificado_pdf.py", line 42, in generar_certificado_pdf
    'solicitante': solicitud.solicitante.get_full_name(),
AttributeError: 'SolicitudPresupuesto' object has no attribute 'solicitante'

ERROR 2026-02-22 12:44:22,883 logging Exception: 'ContentFile' object has no attribute 'content_type'
Traceback: Traceback (most recent call last):
  File "/home/alain/Uapa/Projects/Presupuesto/presupuesto/certificado_pdf.py", line 52, in generar_certificado_pdf
    resultado_drive = upload_to_drive(archivo_drive, ID_FOLDER_DRIVE)
  File "/home/alain/Uapa/Projects/Presupuesto/presupuesto/google_drive.py", line 68, in upload_to_drive
    mimetype = archivo_django.content_type
AttributeError: 'ContentFile' object has no attribute 'content_type'

ERROR 2026-02-22 12:52:27,581 logging Exception: object of type 'NoneType' has no len()
Traceback: Traceback (most recent call last):
  File "/home/alain/Uapa/Projects/Presupuesto/presupuesto/certificado_pdf.py", line 46, in generar_certificado_pdf
    archivo_drive = ContentFile(pdf_file, name=f"certificacion_{pk}.pdf")
  File "/home/alain/Uapa/Projects/Presupuesto/venv/lib/python3.10/site-packages/django/core/files/base.py", line 129, in __init__
    self.size = len(content)
TypeError: object of type 'NoneType' has no len()

ERROR 2026-02-22 13:05:26,086 logging Exception: 'ContentFile' object has no attribute 'content_type'
Traceback: Traceback (most recent call last):
  File "/home/alain/Uapa/Projects/Presupuesto/presupuesto/certificado_pdf.py", line 53, in generar_certificado_pdf
    resultado_drive = upload_to_drive(archivo_drive, ID_FOLDER_DRIVE)
  File "/home/alain/Uapa/Projects/Presupuesto/presupuesto/google_drive.py", line 68, in upload_to_drive
    mimetype = archivo_django.content_type
AttributeError: 'ContentFile' object has no attribute 'content_type'

